<?xml version="1.0" encoding="UTF-8"?>
<!-- Generated by org.testng.reporters.JUnitXMLReporter -->
<testsuite hostname="VAPW10000000164" name="BlueCoat Threat pulse Service Tests " tests="6" failures="0" timestamp="29 Aug 2016 18:59:35 GMT" time="3.09" errors="0">
  <testcase name="bluecoatcloud_DirectProvider_tests" time="1.21" classname="com.bluecoatcloud.threatpulse.tests.BlueCoatThreatPulseTest"/>
  <testcase name="bluecoatcloud_DirectProvider_tests" time="0.319" classname="com.bluecoatcloud.threatpulse.tests.BlueCoatThreatPulseTest"/>
  <testcase name="bluecoatcloud_DirectProvider_tests" time="0.333" classname="com.bluecoatcloud.threatpulse.tests.BlueCoatThreatPulseTest"/>
  <testcase name="bluecoatcloud_DirectProvider_tests" time="0.328" classname="com.bluecoatcloud.threatpulse.tests.BlueCoatThreatPulseTest"/>
  <testcase name="bluecoatcloud_DirectProvider_tests" time="0.332" classname="com.bluecoatcloud.threatpulse.tests.BlueCoatThreatPulseTest"/>
  <testcase name="bluecoatcloud_DirectProvider_tests" time="0.325" classname="com.bluecoatcloud.threatpulse.tests.BlueCoatThreatPulseTest"/>
</testsuite> <!-- BlueCoat Threat pulse Service Tests  -->
