<?xml version="1.0" encoding="UTF-8"?>
<!-- Generated by org.testng.reporters.JUnitXMLReporter -->
<testsuite hostname="VAPW10000000164" name="PlCT Service Tests " tests="6" failures="0" timestamp="29 Aug 2016 18:53:03 GMT" time="2.985" errors="0">
  <testcase name="bluecoatcloud_DirectProvider_tests" time="1.158" classname="com.bluecoatcloud.threatpulse.tests.BlueCoatThreatPulseTest"/>
  <testcase name="bluecoatcloud_DirectProvider_tests" time="0.315" classname="com.bluecoatcloud.threatpulse.tests.BlueCoatThreatPulseTest"/>
  <testcase name="bluecoatcloud_DirectProvider_tests" time="0.325" classname="com.bluecoatcloud.threatpulse.tests.BlueCoatThreatPulseTest"/>
  <testcase name="bluecoatcloud_DirectProvider_tests" time="0.318" classname="com.bluecoatcloud.threatpulse.tests.BlueCoatThreatPulseTest"/>
  <testcase name="bluecoatcloud_DirectProvider_tests" time="0.345" classname="com.bluecoatcloud.threatpulse.tests.BlueCoatThreatPulseTest"/>
  <testcase name="bluecoatcloud_DirectProvider_tests" time="0.316" classname="com.bluecoatcloud.threatpulse.tests.BlueCoatThreatPulseTest"/>
</testsuite> <!-- PlCT Service Tests  -->
