<?xml version="1.0" encoding="UTF-8"?>
<testng-results skipped="0" failed="1" total="1" passed="0">
  <reporter-output>
    <line>
      <![CDATA[djn API reuest]]>
    </line>
    <line>
      <![CDATA[POST Request: https://portal.qa3.bluecoatcloud.com/djn/directprovider/]]>
    </line>
  </reporter-output>
  <suite name="BlueCoat ThreatPulse Service Test Suite" duration-ms="4913" started-at="2016-09-12T04:36:32Z" finished-at="2016-09-12T04:36:37Z">
    <groups>
    </groups>
    <test name="BlueCoat Threat pulse Service Tests " duration-ms="4913" started-at="2016-09-12T04:36:32Z" finished-at="2016-09-12T04:36:37Z">
      <class name="com.bluecoatcloud.threatpulse.tests.BlueCoatThreatPulseTest">
        <test-method status="PASS" signature="initialize(java.lang.String, java.lang.String, java.lang.String, java.lang.String, java.lang.String, java.lang.String, java.lang.String, java.lang.String, java.lang.String, java.lang.String, java.lang.String, java.lang.String, java.lang.String, java.lang.String, java.lang.String, boolean, java.lang.String, java.lang.String)[pri:0, instance:com.bluecoatcloud.threatpulse.tests.BlueCoatThreatPulseTest@5f92e49f]" name="initialize" is-config="true" duration-ms="1102" started-at="2016-09-12T10:06:32Z" finished-at="2016-09-12T10:06:34Z">
          <params>
            <param index="0">
              <value>
                <![CDATA[qa.portalbluecoat]]>
              </value>
            </param>
            <param index="1">
              <value>
                <![CDATA[application/json]]>
              </value>
            </param>
            <param index="2">
              <value>
                <![CDATA[application/json]]>
              </value>
            </param>
            <param index="3">
              <value>
                <![CDATA[OAUTH]]>
              </value>
            </param>
            <param index="4">
              <value>
                <![CDATA[localhost]]>
              </value>
            </param>
            <param index="5">
              <value>
                <![CDATA[4444]]>
              </value>
            </param>
            <param index="6">
              <value>
                <![CDATA[bluecoat]]>
              </value>
            </param>
            <param index="7">
              <value>
                <![CDATA[3]]>
              </value>
            </param>
            <param index="8">
              <value>
                <![CDATA[]]>
              </value>
            </param>
            <param index="9">
              <value>
                <![CDATA[]]>
              </value>
            </param>
            <param index="10">
              <value>
                <![CDATA[]]>
              </value>
            </param>
            <param index="11">
              <value>
                <![CDATA[plct]]>
              </value>
            </param>
            <param index="12">
              <value>
                <![CDATA[]]>
              </value>
            </param>
            <param index="13">
              <value>
                <![CDATA[]]>
              </value>
            </param>
            <param index="14">
              <value>
                <![CDATA[]]>
              </value>
            </param>
            <param index="15">
              <value>
                <![CDATA[false]]>
              </value>
            </param>
            <param index="16">
              <value>
                <![CDATA[]]>
              </value>
            </param>
            <param index="17">
              <value>
                <![CDATA[]]>
              </value>
            </param>
          </params>
          <reporter-output>
          </reporter-output>
        </test-method> <!-- initialize -->
        <test-method status="PASS" signature="setUp()[pri:0, instance:com.bluecoatcloud.threatpulse.tests.BlueCoatThreatPulseTest@5f92e49f]" name="setUp" is-config="true" duration-ms="813" started-at="2016-09-12T10:06:34Z" finished-at="2016-09-12T10:06:34Z">
          <reporter-output>
          </reporter-output>
        </test-method> <!-- setUp -->
        <test-method status="FAIL" signature="bluecoatcloud_DirectProvider_withoutPayload_tests()[pri:0, instance:com.bluecoatcloud.threatpulse.tests.BlueCoatThreatPulseTest@5f92e49f]" name="bluecoatcloud_DirectProvider_withoutPayload_tests" duration-ms="2974" started-at="2016-09-12T10:06:34Z" description="BlueCoatCloud djn directprovider API" finished-at="2016-09-12T10:06:37Z">
          <exception class="java.lang.AssertionError">
            <message>
              <![CDATA[No response from API. expected [true] but found [false]]]>
            </message>
            <full-stacktrace>
              <![CDATA[java.lang.AssertionError: No response from API. expected [true] but found [false]
	at org.testng.Assert.fail(Assert.java:94)
	at org.testng.Assert.failNotEquals(Assert.java:494)
	at org.testng.Assert.assertTrue(Assert.java:42)
	at com.bluecoatcloud.threatpulse.tests.BlueCoatThreatPulseTest.bluecoatcloud_DirectProvider_withoutPayload_tests(BlueCoatThreatPulseTest.java:433)
	at sun.reflect.NativeMethodAccessorImpl.invoke0(Native Method)
	at sun.reflect.NativeMethodAccessorImpl.invoke(NativeMethodAccessorImpl.java:57)
	at sun.reflect.DelegatingMethodAccessorImpl.invoke(DelegatingMethodAccessorImpl.java:43)
	at java.lang.reflect.Method.invoke(Method.java:606)
	at org.testng.internal.MethodInvocationHelper.invokeMethod(MethodInvocationHelper.java:84)
	at org.testng.internal.Invoker.invokeMethod(Invoker.java:714)
	at org.testng.internal.Invoker.invokeTestMethod(Invoker.java:901)
	at org.testng.internal.Invoker.invokeTestMethods(Invoker.java:1231)
	at org.testng.internal.TestMethodWorker.invokeTestMethods(TestMethodWorker.java:127)
	at org.testng.internal.TestMethodWorker.run(TestMethodWorker.java:111)
	at org.testng.TestRunner.privateRun(TestRunner.java:767)
	at org.testng.TestRunner.run(TestRunner.java:617)
	at org.testng.SuiteRunner.runTest(SuiteRunner.java:334)
	at org.testng.SuiteRunner.runSequentially(SuiteRunner.java:329)
	at org.testng.SuiteRunner.privateRun(SuiteRunner.java:291)
	at org.testng.SuiteRunner.run(SuiteRunner.java:240)
	at org.testng.SuiteRunnerWorker.runSuite(SuiteRunnerWorker.java:52)
	at org.testng.SuiteRunnerWorker.run(SuiteRunnerWorker.java:86)
	at org.testng.TestNG.runSuitesSequentially(TestNG.java:1224)
	at org.testng.TestNG.runSuitesLocally(TestNG.java:1149)
	at org.testng.TestNG.run(TestNG.java:1057)
	at org.testng.remote.RemoteTestNG.run(RemoteTestNG.java:111)
	at org.testng.remote.RemoteTestNG.initAndRun(RemoteTestNG.java:204)
	at org.testng.remote.RemoteTestNG.main(RemoteTestNG.java:175)
]]>
            </full-stacktrace>
          </exception> <!-- java.lang.AssertionError -->
          <reporter-output>
            <line>
              <![CDATA[djn API reuest]]>
            </line>
            <line>
              <![CDATA[POST Request: https://portal.qa3.bluecoatcloud.com/djn/directprovider/]]>
            </line>
          </reporter-output>
        </test-method> <!-- bluecoatcloud_DirectProvider_withoutPayload_tests -->
        <test-method status="PASS" signature="generateReport()[pri:0, instance:com.bluecoatcloud.threatpulse.tests.BlueCoatThreatPulseTest@5f92e49f]" name="generateReport" is-config="true" duration-ms="8" started-at="2016-09-12T10:06:37Z" finished-at="2016-09-12T10:06:37Z">
          <reporter-output>
          </reporter-output>
        </test-method> <!-- generateReport -->
        <test-method status="PASS" signature="generatePerformanceReport()[pri:0, instance:com.bluecoatcloud.threatpulse.tests.BlueCoatThreatPulseTest@5f92e49f]" name="generatePerformanceReport" is-config="true" duration-ms="0" started-at="2016-09-12T10:06:37Z" finished-at="2016-09-12T10:06:37Z">
          <reporter-output>
          </reporter-output>
        </test-method> <!-- generatePerformanceReport -->
      </class> <!-- com.bluecoatcloud.threatpulse.tests.BlueCoatThreatPulseTest -->
    </test> <!-- BlueCoat Threat pulse Service Tests  -->
  </suite> <!-- BlueCoat ThreatPulse Service Test Suite -->
</testng-results>
